<?xml version="1.0" encoding="UTF-8"?>
<!-- Generated by org.testng.reporters.JUnitXMLReporter -->
<testsuite hostname="admin-PC" ignored="0" name="Test" tests="1" failures="1" timestamp="2020-09-28T18:38:22 IST" time="0.057" errors="0">
  <testcase name="testing1" time="0.0" classname="pack3.TestNGTest">
    <failure type="org.testng.TestNGException" message="
Parameter &amp;apos;Url&amp;apos; is required by @Test on method testing1 but has not been marked @Optional or defined
in C:\Users\admin\Workspace1\BasicProgramming\testng.xml">
      <![CDATA[org.testng.TestNGException: 
Parameter 'Url' is required by @Test on method testing1 but has not been marked @Optional or defined
in C:\Users\admin\Workspace1\BasicProgramming\testng.xml
at java.util.ArrayList.forEach(ArrayList.java:1257)
... Removed 26 stack frames]]>
    </failure>
  </testcase> <!-- testing1 -->
</testsuite> <!-- Test -->
